app/build/intermediates/manifest_merge_blame_file/websiteRelease/manifest-merger-blame-website-release-report.txt
1<?xml version="1.0" encoding="utf-8"?>
2<manifest xmlns:android="http://schemas.android.com/apk/res/android"
3    package="com.tvpy.tvapp"
4    android:versionCode="113"
5    android:versionName="2.15" >
6
7    <uses-sdk
8        android:minSdkVersion="26"
9        android:targetSdkVersion="35" />
10
11    <uses-permission android:name="android.permission.REQUEST_INSTALL_PACKAGES" />
11-->src\website\AndroidManifest.xml:3:5-83
11-->src\website\AndroidManifest.xml:3:22-80
12    <uses-permission android:name="android.permission.INTERNET" />
12-->src\main\AndroidManifest.xml:4:5-67
12-->src\main\AndroidManifest.xml:4:22-64
13    <uses-permission android:name="android.permission.ACCESS_NETWORK_STATE" />
13-->src\main\AndroidManifest.xml:5:5-79
13-->src\main\AndroidManifest.xml:5:22-76
14    <uses-permission android:name="android.permission.FOREGROUND_SERVICE" />
14-->src\main\AndroidManifest.xml:6:5-77
14-->src\main\AndroidManifest.xml:6:22-74
15    <uses-permission android:name="android.permission.FOREGROUND_SERVICE_MEDIA_PLAYBACK" />
15-->src\main\AndroidManifest.xml:7:5-92
15-->src\main\AndroidManifest.xml:7:22-89
16    <uses-permission android:name="android.permission.POST_NOTIFICATIONS" />
16-->src\main\AndroidManifest.xml:8:5-77
16-->src\main\AndroidManifest.xml:8:22-74
17
18    <uses-feature
18-->src\main\AndroidManifest.xml:11:5-87
19        android:name="android.software.leanback"
19-->src\main\AndroidManifest.xml:11:19-59
20        android:required="false" />
20-->src\main\AndroidManifest.xml:11:60-84
21    <uses-feature
21-->src\main\AndroidManifest.xml:12:5-90
22        android:name="android.hardware.touchscreen"
22-->src\main\AndroidManifest.xml:12:19-62
23        android:required="false" />
23-->src\main\AndroidManifest.xml:12:63-87
24
25    <uses-permission android:name="com.google.android.gms.permission.AD_ID" />
25-->[com.google.android.gms:play-services-ads-lite:23.0.0] AndroidManifest.xml:26:5-79
25-->[com.google.android.gms:play-services-ads-lite:23.0.0] AndroidManifest.xml:26:22-76
26    <uses-permission android:name="android.permission.ACCESS_ADSERVICES_AD_ID" />
26-->[com.google.android.gms:play-services-ads-lite:23.0.0] AndroidManifest.xml:27:5-82
26-->[com.google.android.gms:play-services-ads-lite:23.0.0] AndroidManifest.xml:27:22-79
27    <uses-permission android:name="android.permission.ACCESS_ADSERVICES_ATTRIBUTION" />
27-->[com.google.android.gms:play-services-ads-lite:23.0.0] AndroidManifest.xml:28:5-88
27-->[com.google.android.gms:play-services-ads-lite:23.0.0] AndroidManifest.xml:28:22-85
28    <uses-permission android:name="android.permission.ACCESS_ADSERVICES_TOPICS" /> <!-- Android package visibility setting -->
28-->[com.google.android.gms:play-services-ads-lite:23.0.0] AndroidManifest.xml:29:5-83
28-->[com.google.android.gms:play-services-ads-lite:23.0.0] AndroidManifest.xml:29:22-80
29    <queries>
29-->[com.google.android.gms:play-services-ads-lite:23.0.0] AndroidManifest.xml:35:5-51:15
30
31        <!-- For browser content -->
32        <intent>
32-->[com.google.android.gms:play-services-ads-lite:23.0.0] AndroidManifest.xml:38:9-44:18
33            <action android:name="android.intent.action.VIEW" />
33-->[com.google.android.gms:play-services-ads-lite:23.0.0] AndroidManifest.xml:39:13-65
33-->[com.google.android.gms:play-services-ads-lite:23.0.0] AndroidManifest.xml:39:21-62
34
35            <category android:name="android.intent.category.BROWSABLE" />
35-->[com.google.android.gms:play-services-ads-lite:23.0.0] AndroidManifest.xml:41:13-74
35-->[com.google.android.gms:play-services-ads-lite:23.0.0] AndroidManifest.xml:41:23-71
36
37            <data android:scheme="https" />
37-->[com.google.android.gms:play-services-ads-lite:23.0.0] AndroidManifest.xml:43:13-44
37-->[com.google.android.gms:play-services-ads-lite:23.0.0] AndroidManifest.xml:43:19-41
38        </intent>
39        <!-- End of browser content -->
40        <!-- For CustomTabsService -->
41        <intent>
41-->[com.google.android.gms:play-services-ads-lite:23.0.0] AndroidManifest.xml:47:9-49:18
42            <action android:name="android.support.customtabs.action.CustomTabsService" />
42-->[com.google.android.gms:play-services-ads-lite:23.0.0] AndroidManifest.xml:48:13-90
42-->[com.google.android.gms:play-services-ads-lite:23.0.0] AndroidManifest.xml:48:21-87
43        </intent>
44        <!-- End of CustomTabsService -->
45    </queries>
46
47    <uses-permission android:name="android.permission.WAKE_LOCK" />
47-->[com.google.android.gms:play-services-measurement-sdk-api:20.1.2] AndroidManifest.xml:25:5-68
47-->[com.google.android.gms:play-services-measurement-sdk-api:20.1.2] AndroidManifest.xml:25:22-65
48
49    <permission
49-->[androidx.core:core:1.9.0] AndroidManifest.xml:22:5-24:47
50        android:name="com.tvpy.tvapp.DYNAMIC_RECEIVER_NOT_EXPORTED_PERMISSION"
50-->[androidx.core:core:1.9.0] AndroidManifest.xml:23:9-81
51        android:protectionLevel="signature" />
51-->[androidx.core:core:1.9.0] AndroidManifest.xml:24:9-44
52
53    <uses-permission android:name="com.tvpy.tvapp.DYNAMIC_RECEIVER_NOT_EXPORTED_PERMISSION" />
53-->[androidx.core:core:1.9.0] AndroidManifest.xml:26:5-97
53-->[androidx.core:core:1.9.0] AndroidManifest.xml:26:22-94
54
55    <application
55-->src\main\AndroidManifest.xml:14:5-76:19
56        android:allowBackup="true"
56-->src\main\AndroidManifest.xml:15:9-35
57        android:appComponentFactory="androidx.core.app.CoreComponentFactory"
57-->[androidx.core:core:1.9.0] AndroidManifest.xml:28:18-86
58        android:banner="@mipmap/ic_launcher"
58-->src\main\AndroidManifest.xml:17:9-45
59        android:extractNativeLibs="false"
60        android:hardwareAccelerated="true"
60-->src\main\AndroidManifest.xml:23:9-43
61        android:icon="@mipmap/ic_launcher"
61-->src\main\AndroidManifest.xml:16:9-43
62        android:label="@string/app_name"
62-->src\main\AndroidManifest.xml:18:9-41
63        android:roundIcon="@mipmap/ic_launcher"
63-->src\main\AndroidManifest.xml:19:9-48
64        android:supportsRtl="true"
64-->src\main\AndroidManifest.xml:20:9-35
65        android:theme="@style/Theme.TVParaguay"
65-->src\main\AndroidManifest.xml:21:9-48
66        android:usesCleartextTraffic="true" >
66-->src\main\AndroidManifest.xml:22:9-44
67        <provider
67-->src\main\AndroidManifest.xml:25:9-33:20
68            android:name="androidx.core.content.FileProvider"
68-->src\main\AndroidManifest.xml:26:13-62
69            android:authorities="com.tvpy.tvapp.fileprovider"
69-->src\main\AndroidManifest.xml:27:13-62
70            android:exported="false"
70-->src\main\AndroidManifest.xml:28:13-37
71            android:grantUriPermissions="true" >
71-->src\main\AndroidManifest.xml:29:13-47
72            <meta-data
72-->src\main\AndroidManifest.xml:30:13-32:54
73                android:name="android.support.FILE_PROVIDER_PATHS"
73-->src\main\AndroidManifest.xml:31:17-67
74                android:resource="@xml/file_paths" />
74-->src\main\AndroidManifest.xml:32:17-51
75        </provider>
76
77        <activity
77-->src\main\AndroidManifest.xml:35:9-44:20
78            android:name="com.tvpy.app.SplashActivity"
78-->src\main\AndroidManifest.xml:36:13-43
79            android:exported="true"
79-->src\main\AndroidManifest.xml:37:13-36
80            android:theme="@style/Theme.AppCompat.Light.NoActionBar" >
80-->src\main\AndroidManifest.xml:38:13-69
81            <intent-filter>
81-->src\main\AndroidManifest.xml:39:13-43:29
82                <action android:name="android.intent.action.MAIN" />
82-->src\main\AndroidManifest.xml:40:17-69
82-->src\main\AndroidManifest.xml:40:25-66
83
84                <category android:name="android.intent.category.LAUNCHER" />
84-->src\main\AndroidManifest.xml:41:17-77
84-->src\main\AndroidManifest.xml:41:27-74
85                <category android:name="android.intent.category.LEANBACK_LAUNCHER" />
85-->src\main\AndroidManifest.xml:42:17-86
85-->src\main\AndroidManifest.xml:42:27-83
86            </intent-filter>
87        </activity>
88        <activity
88-->src\main\AndroidManifest.xml:46:9-50:20
89            android:name="com.tvpy.app.MainActivity"
89-->src\main\AndroidManifest.xml:47:13-41
90            android:exported="false"
90-->src\main\AndroidManifest.xml:48:13-37
91            android:screenOrientation="unspecified" >
91-->src\main\AndroidManifest.xml:49:13-52
92        </activity>
93        <activity
93-->src\main\AndroidManifest.xml:52:9-58:58
94            android:name="com.tvpy.app.PlayerActivity"
94-->src\main\AndroidManifest.xml:53:13-43
95            android:configChanges="orientation|screenSize|smallestScreenSize|screenLayout|keyboardHidden"
95-->src\main\AndroidManifest.xml:57:13-106
96            android:exported="false"
96-->src\main\AndroidManifest.xml:54:13-37
97            android:screenOrientation="unspecified"
97-->src\main\AndroidManifest.xml:55:13-52
98            android:supportsPictureInPicture="true"
98-->src\main\AndroidManifest.xml:56:13-52
99            android:windowSoftInputMode="adjustResize" />
99-->src\main\AndroidManifest.xml:58:13-55
100        <activity
100-->src\main\AndroidManifest.xml:60:9-63:55
101            android:name="com.tvpy.app.ImportM3uActivity"
101-->src\main\AndroidManifest.xml:61:13-46
102            android:exported="false"
102-->src\main\AndroidManifest.xml:62:13-37
103            android:screenOrientation="unspecified" />
103-->src\main\AndroidManifest.xml:63:13-52
104
105        <service
105-->src\main\AndroidManifest.xml:65:9-69:61
106            android:name="com.tvpy.app.BackgroundAudioService"
106-->src\main\AndroidManifest.xml:66:13-51
107            android:enabled="true"
107-->src\main\AndroidManifest.xml:67:13-35
108            android:exported="false"
108-->src\main\AndroidManifest.xml:68:13-37
109            android:foregroundServiceType="mediaPlayback" />
109-->src\main\AndroidManifest.xml:69:13-58
110
111        <!-- Sample AdMob App ID: ca-app-pub-3940256099942544~3347511713 -->
112        <meta-data
112-->src\main\AndroidManifest.xml:72:9-74:69
113            android:name="com.google.android.gms.ads.APPLICATION_ID"
113-->src\main\AndroidManifest.xml:73:13-69
114            android:value="ca-app-pub-3940256099942544~3347511713" />
114-->src\main\AndroidManifest.xml:74:13-67
115
116        <!-- Include the AdActivity and InAppPurchaseActivity configChanges and themes. -->
117        <activity
117-->[com.google.android.gms:play-services-ads-lite:23.0.0] AndroidManifest.xml:56:9-61:43
118            android:name="com.google.android.gms.ads.AdActivity"
118-->[com.google.android.gms:play-services-ads-lite:23.0.0] AndroidManifest.xml:57:13-65
119            android:configChanges="keyboard|keyboardHidden|orientation|screenLayout|uiMode|screenSize|smallestScreenSize"
119-->[com.google.android.gms:play-services-ads-lite:23.0.0] AndroidManifest.xml:58:13-122
120            android:exported="false"
120-->[com.google.android.gms:play-services-ads-lite:23.0.0] AndroidManifest.xml:59:13-37
121            android:theme="@android:style/Theme.Translucent" />
121-->[com.google.android.gms:play-services-ads-lite:23.0.0] AndroidManifest.xml:60:13-61
122
123        <provider
123-->[com.google.android.gms:play-services-ads-lite:23.0.0] AndroidManifest.xml:63:9-68:43
124            android:name="com.google.android.gms.ads.MobileAdsInitProvider"
124-->[com.google.android.gms:play-services-ads-lite:23.0.0] AndroidManifest.xml:64:13-76
125            android:authorities="com.tvpy.tvapp.mobileadsinitprovider"
125-->[com.google.android.gms:play-services-ads-lite:23.0.0] AndroidManifest.xml:65:13-73
126            android:exported="false"
126-->[com.google.android.gms:play-services-ads-lite:23.0.0] AndroidManifest.xml:66:13-37
127            android:initOrder="100" />
127-->[com.google.android.gms:play-services-ads-lite:23.0.0] AndroidManifest.xml:67:13-36
128
129        <service
129-->[com.google.android.gms:play-services-ads-lite:23.0.0] AndroidManifest.xml:70:9-74:43
130            android:name="com.google.android.gms.ads.AdService"
130-->[com.google.android.gms:play-services-ads-lite:23.0.0] AndroidManifest.xml:71:13-64
131            android:enabled="true"
131-->[com.google.android.gms:play-services-ads-lite:23.0.0] AndroidManifest.xml:72:13-35
132            android:exported="false" />
132-->[com.google.android.gms:play-services-ads-lite:23.0.0] AndroidManifest.xml:73:13-37
133
134        <activity
134-->[com.google.android.gms:play-services-ads-lite:23.0.0] AndroidManifest.xml:76:9-80:43
135            android:name="com.google.android.gms.ads.OutOfContextTestingActivity"
135-->[com.google.android.gms:play-services-ads-lite:23.0.0] AndroidManifest.xml:77:13-82
136            android:configChanges="keyboard|keyboardHidden|orientation|screenLayout|uiMode|screenSize|smallestScreenSize"
136-->[com.google.android.gms:play-services-ads-lite:23.0.0] AndroidManifest.xml:78:13-122
137            android:exported="false" />
137-->[com.google.android.gms:play-services-ads-lite:23.0.0] AndroidManifest.xml:79:13-37
138        <activity
138-->[com.google.android.gms:play-services-ads-lite:23.0.0] AndroidManifest.xml:81:9-88:43
139            android:name="com.google.android.gms.ads.NotificationHandlerActivity"
139-->[com.google.android.gms:play-services-ads-lite:23.0.0] AndroidManifest.xml:82:13-82
140            android:excludeFromRecents="true"
140-->[com.google.android.gms:play-services-ads-lite:23.0.0] AndroidManifest.xml:83:13-46
141            android:exported="false"
141-->[com.google.android.gms:play-services-ads-lite:23.0.0] AndroidManifest.xml:84:13-37
142            android:launchMode="singleTask"
142-->[com.google.android.gms:play-services-ads-lite:23.0.0] AndroidManifest.xml:85:13-44
143            android:taskAffinity=""
143-->[com.google.android.gms:play-services-ads-lite:23.0.0] AndroidManifest.xml:86:13-36
144            android:theme="@android:style/Theme.Translucent.NoTitleBar" />
144-->[com.google.android.gms:play-services-ads-lite:23.0.0] AndroidManifest.xml:87:13-72
145
146        <property
146-->[com.google.android.gms:play-services-ads-lite:23.0.0] AndroidManifest.xml:90:9-92:62
147            android:name="android.adservices.AD_SERVICES_CONFIG"
147-->[com.google.android.gms:play-services-ads-lite:23.0.0] AndroidManifest.xml:91:13-65
148            android:resource="@xml/gma_ad_services_config" />
148-->[com.google.android.gms:play-services-ads-lite:23.0.0] AndroidManifest.xml:92:13-59
149
150        <activity
150-->[com.google.android.gms:play-services-base:18.0.0] AndroidManifest.xml:20:9-22:45
151            android:name="com.google.android.gms.common.api.GoogleApiActivity"
151-->[com.google.android.gms:play-services-base:18.0.0] AndroidManifest.xml:20:19-85
152            android:exported="false"
152-->[com.google.android.gms:play-services-base:18.0.0] AndroidManifest.xml:22:19-43
153            android:theme="@android:style/Theme.Translucent.NoTitleBar" />
153-->[com.google.android.gms:play-services-base:18.0.0] AndroidManifest.xml:21:19-78
154
155        <meta-data
155-->[com.google.android.gms:play-services-basement:18.2.0] AndroidManifest.xml:21:9-23:69
156            android:name="com.google.android.gms.version"
156-->[com.google.android.gms:play-services-basement:18.2.0] AndroidManifest.xml:22:13-58
157            android:value="@integer/google_play_services_version" />
157-->[com.google.android.gms:play-services-basement:18.2.0] AndroidManifest.xml:23:13-66
158
159        <provider
159-->[androidx.emoji2:emoji2:1.2.0] AndroidManifest.xml:24:9-32:20
160            android:name="androidx.startup.InitializationProvider"
160-->[androidx.emoji2:emoji2:1.2.0] AndroidManifest.xml:25:13-67
161            android:authorities="com.tvpy.tvapp.androidx-startup"
161-->[androidx.emoji2:emoji2:1.2.0] AndroidManifest.xml:26:13-68
162            android:exported="false" >
162-->[androidx.emoji2:emoji2:1.2.0] AndroidManifest.xml:27:13-37
163            <meta-data
163-->[androidx.emoji2:emoji2:1.2.0] AndroidManifest.xml:29:13-31:52
164                android:name="androidx.emoji2.text.EmojiCompatInitializer"
164-->[androidx.emoji2:emoji2:1.2.0] AndroidManifest.xml:30:17-75
165                android:value="androidx.startup" />
165-->[androidx.emoji2:emoji2:1.2.0] AndroidManifest.xml:31:17-49
166            <meta-data
166-->[androidx.work:work-runtime:2.7.0] AndroidManifest.xml:36:13-38:52
167                android:name="androidx.work.WorkManagerInitializer"
167-->[androidx.work:work-runtime:2.7.0] AndroidManifest.xml:37:17-68
168                android:value="androidx.startup" />
168-->[androidx.work:work-runtime:2.7.0] AndroidManifest.xml:38:17-49
169            <meta-data
169-->[androidx.lifecycle:lifecycle-process:2.6.1] AndroidManifest.xml:29:13-31:52
170                android:name="androidx.lifecycle.ProcessLifecycleInitializer"
170-->[androidx.lifecycle:lifecycle-process:2.6.1] AndroidManifest.xml:30:17-78
171                android:value="androidx.startup" />
171-->[androidx.lifecycle:lifecycle-process:2.6.1] AndroidManifest.xml:31:17-49
172            <meta-data
172-->[androidx.profileinstaller:profileinstaller:1.3.0] AndroidManifest.xml:29:13-31:52
173                android:name="androidx.profileinstaller.ProfileInstallerInitializer"
173-->[androidx.profileinstaller:profileinstaller:1.3.0] AndroidManifest.xml:30:17-85
174                android:value="androidx.startup" />
174-->[androidx.profileinstaller:profileinstaller:1.3.0] AndroidManifest.xml:31:17-49
175        </provider>
176
177        <uses-library
177-->[androidx.privacysandbox.ads:ads-adservices:1.0.0-beta05] AndroidManifest.xml:23:9-25:40
178            android:name="android.ext.adservices"
178-->[androidx.privacysandbox.ads:ads-adservices:1.0.0-beta05] AndroidManifest.xml:24:13-50
179            android:required="false" />
179-->[androidx.privacysandbox.ads:ads-adservices:1.0.0-beta05] AndroidManifest.xml:25:13-37
180
181        <service
181-->[androidx.work:work-runtime:2.7.0] AndroidManifest.xml:41:9-46:35
182            android:name="androidx.work.impl.background.systemalarm.SystemAlarmService"
182-->[androidx.work:work-runtime:2.7.0] AndroidManifest.xml:42:13-88
183            android:directBootAware="false"
183-->[androidx.work:work-runtime:2.7.0] AndroidManifest.xml:43:13-44
184            android:enabled="@bool/enable_system_alarm_service_default"
184-->[androidx.work:work-runtime:2.7.0] AndroidManifest.xml:44:13-72
185            android:exported="false" />
185-->[androidx.work:work-runtime:2.7.0] AndroidManifest.xml:45:13-37
186        <service
186-->[androidx.work:work-runtime:2.7.0] AndroidManifest.xml:47:9-53:35
187            android:name="androidx.work.impl.background.systemjob.SystemJobService"
187-->[androidx.work:work-runtime:2.7.0] AndroidManifest.xml:48:13-84
188            android:directBootAware="false"
188-->[androidx.work:work-runtime:2.7.0] AndroidManifest.xml:49:13-44
189            android:enabled="@bool/enable_system_job_service_default"
189-->[androidx.work:work-runtime:2.7.0] AndroidManifest.xml:50:13-70
190            android:exported="true"
190-->[androidx.work:work-runtime:2.7.0] AndroidManifest.xml:51:13-36
191            android:permission="android.permission.BIND_JOB_SERVICE" />
191-->[androidx.work:work-runtime:2.7.0] AndroidManifest.xml:52:13-69
192        <service
192-->[androidx.work:work-runtime:2.7.0] AndroidManifest.xml:54:9-59:35
193            android:name="androidx.work.impl.foreground.SystemForegroundService"
193-->[androidx.work:work-runtime:2.7.0] AndroidManifest.xml:55:13-81
194            android:directBootAware="false"
194-->[androidx.work:work-runtime:2.7.0] AndroidManifest.xml:56:13-44
195            android:enabled="@bool/enable_system_foreground_service_default"
195-->[androidx.work:work-runtime:2.7.0] AndroidManifest.xml:57:13-77
196            android:exported="false" />
196-->[androidx.work:work-runtime:2.7.0] AndroidManifest.xml:58:13-37
197
198        <receiver
198-->[androidx.work:work-runtime:2.7.0] AndroidManifest.xml:61:9-66:35
199            android:name="androidx.work.impl.utils.ForceStopRunnable$BroadcastReceiver"
199-->[androidx.work:work-runtime:2.7.0] AndroidManifest.xml:62:13-88
200            android:directBootAware="false"
200-->[androidx.work:work-runtime:2.7.0] AndroidManifest.xml:63:13-44
201            android:enabled="true"
201-->[androidx.work:work-runtime:2.7.0] AndroidManifest.xml:64:13-35
202            android:exported="false" />
202-->[androidx.work:work-runtime:2.7.0] AndroidManifest.xml:65:13-37
203        <receiver
203-->[androidx.work:work-runtime:2.7.0] AndroidManifest.xml:67:9-77:20
204            android:name="androidx.work.impl.background.systemalarm.ConstraintProxy$BatteryChargingProxy"
204-->[androidx.work:work-runtime:2.7.0] AndroidManifest.xml:68:13-106
205            android:directBootAware="false"
205-->[androidx.work:work-runtime:2.7.0] AndroidManifest.xml:69:13-44
206            android:enabled="false"
206-->[androidx.work:work-runtime:2.7.0] AndroidManifest.xml:70:13-36
207            android:exported="false" >
207-->[androidx.work:work-runtime:2.7.0] AndroidManifest.xml:71:13-37
208            <intent-filter>
208-->[androidx.work:work-runtime:2.7.0] AndroidManifest.xml:73:13-76:29
209                <action android:name="android.intent.action.ACTION_POWER_CONNECTED" />
209-->[androidx.work:work-runtime:2.7.0] AndroidManifest.xml:74:17-87
209-->[androidx.work:work-runtime:2.7.0] AndroidManifest.xml:74:25-84
210                <action android:name="android.intent.action.ACTION_POWER_DISCONNECTED" />
210-->[androidx.work:work-runtime:2.7.0] AndroidManifest.xml:75:17-90
210-->[androidx.work:work-runtime:2.7.0] AndroidManifest.xml:75:25-87
211            </intent-filter>
212        </receiver>
213        <receiver
213-->[androidx.work:work-runtime:2.7.0] AndroidManifest.xml:78:9-88:20
214            android:name="androidx.work.impl.background.systemalarm.ConstraintProxy$BatteryNotLowProxy"
214-->[androidx.work:work-runtime:2.7.0] AndroidManifest.xml:79:13-104
215            android:directBootAware="false"
215-->[androidx.work:work-runtime:2.7.0] AndroidManifest.xml:80:13-44
216            android:enabled="false"
216-->[androidx.work:work-runtime:2.7.0] AndroidManifest.xml:81:13-36
217            android:exported="false" >
217-->[androidx.work:work-runtime:2.7.0] AndroidManifest.xml:82:13-37
218            <intent-filter>
218-->[androidx.work:work-runtime:2.7.0] AndroidManifest.xml:84:13-87:29
219                <action android:name="android.intent.action.BATTERY_OKAY" />
219-->[androidx.work:work-runtime:2.7.0] AndroidManifest.xml:85:17-77
219-->[androidx.work:work-runtime:2.7.0] AndroidManifest.xml:85:25-74
220                <action android:name="android.intent.action.BATTERY_LOW" />
220-->[androidx.work:work-runtime:2.7.0] AndroidManifest.xml:86:17-76
220-->[androidx.work:work-runtime:2.7.0] AndroidManifest.xml:86:25-73
221            </intent-filter>
222        </receiver>
223        <receiver
223-->[androidx.work:work-runtime:2.7.0] AndroidManifest.xml:89:9-99:20
224            android:name="androidx.work.impl.background.systemalarm.ConstraintProxy$StorageNotLowProxy"
224-->[androidx.work:work-runtime:2.7.0] AndroidManifest.xml:90:13-104
225            android:directBootAware="false"
225-->[androidx.work:work-runtime:2.7.0] AndroidManifest.xml:91:13-44
226            android:enabled="false"
226-->[androidx.work:work-runtime:2.7.0] AndroidManifest.xml:92:13-36
227            android:exported="false" >
227-->[androidx.work:work-runtime:2.7.0] AndroidManifest.xml:93:13-37
228            <intent-filter>
228-->[androidx.work:work-runtime:2.7.0] AndroidManifest.xml:95:13-98:29
229                <action android:name="android.intent.action.DEVICE_STORAGE_LOW" />
229-->[androidx.work:work-runtime:2.7.0] AndroidManifest.xml:96:17-83
229-->[androidx.work:work-runtime:2.7.0] AndroidManifest.xml:96:25-80
230                <action android:name="android.intent.action.DEVICE_STORAGE_OK" />
230-->[androidx.work:work-runtime:2.7.0] AndroidManifest.xml:97:17-82
230-->[androidx.work:work-runtime:2.7.0] AndroidManifest.xml:97:25-79
231            </intent-filter>
232        </receiver>
233        <receiver
233-->[androidx.work:work-runtime:2.7.0] AndroidManifest.xml:100:9-109:20
234            android:name="androidx.work.impl.background.systemalarm.ConstraintProxy$NetworkStateProxy"
234-->[androidx.work:work-runtime:2.7.0] AndroidManifest.xml:101:13-103
235            android:directBootAware="false"
235-->[androidx.work:work-runtime:2.7.0] AndroidManifest.xml:102:13-44
236            android:enabled="false"
236-->[androidx.work:work-runtime:2.7.0] AndroidManifest.xml:103:13-36
237            android:exported="false" >
237-->[androidx.work:work-runtime:2.7.0] AndroidManifest.xml:104:13-37
238            <intent-filter>
238-->[androidx.work:work-runtime:2.7.0] AndroidManifest.xml:106:13-108:29
239                <action android:name="android.net.conn.CONNECTIVITY_CHANGE" />
239-->[androidx.work:work-runtime:2.7.0] AndroidManifest.xml:107:17-79
239-->[androidx.work:work-runtime:2.7.0] AndroidManifest.xml:107:25-76
240            </intent-filter>
241        </receiver>
242        <receiver
242-->[androidx.work:work-runtime:2.7.0] AndroidManifest.xml:110:9-121:20
243            android:name="androidx.work.impl.background.systemalarm.RescheduleReceiver"
243-->[androidx.work:work-runtime:2.7.0] AndroidManifest.xml:111:13-88
244            android:directBootAware="false"
244-->[androidx.work:work-runtime:2.7.0] AndroidManifest.xml:112:13-44
245            android:enabled="false"
245-->[androidx.work:work-runtime:2.7.0] AndroidManifest.xml:113:13-36
246            android:exported="false" >
246-->[androidx.work:work-runtime:2.7.0] AndroidManifest.xml:114:13-37
247            <intent-filter>
247-->[androidx.work:work-runtime:2.7.0] AndroidManifest.xml:116:13-120:29
248                <action android:name="android.intent.action.BOOT_COMPLETED" />
248-->[androidx.work:work-runtime:2.7.0] AndroidManifest.xml:117:17-79
248-->[androidx.work:work-runtime:2.7.0] AndroidManifest.xml:117:25-76
249                <action android:name="android.intent.action.TIME_SET" />
249-->[androidx.work:work-runtime:2.7.0] AndroidManifest.xml:118:17-73
249-->[androidx.work:work-runtime:2.7.0] AndroidManifest.xml:118:25-70
250                <action android:name="android.intent.action.TIMEZONE_CHANGED" />
250-->[androidx.work:work-runtime:2.7.0] AndroidManifest.xml:119:17-81
250-->[androidx.work:work-runtime:2.7.0] AndroidManifest.xml:119:25-78
251            </intent-filter>
252        </receiver>
253        <receiver
253-->[androidx.work:work-runtime:2.7.0] AndroidManifest.xml:122:9-131:20
254            android:name="androidx.work.impl.background.systemalarm.ConstraintProxyUpdateReceiver"
254-->[androidx.work:work-runtime:2.7.0] AndroidManifest.xml:123:13-99
255            android:directBootAware="false"
255-->[androidx.work:work-runtime:2.7.0] AndroidManifest.xml:124:13-44
256            android:enabled="@bool/enable_system_alarm_service_default"
256-->[androidx.work:work-runtime:2.7.0] AndroidManifest.xml:125:13-72
257            android:exported="false" >
257-->[androidx.work:work-runtime:2.7.0] AndroidManifest.xml:126:13-37
258            <intent-filter>
258-->[androidx.work:work-runtime:2.7.0] AndroidManifest.xml:128:13-130:29
259                <action android:name="androidx.work.impl.background.systemalarm.UpdateProxies" />
259-->[androidx.work:work-runtime:2.7.0] AndroidManifest.xml:129:17-98
259-->[androidx.work:work-runtime:2.7.0] AndroidManifest.xml:129:25-95
260            </intent-filter>
261        </receiver>
262        <receiver
262-->[androidx.work:work-runtime:2.7.0] AndroidManifest.xml:132:9-142:20
263            android:name="androidx.work.impl.diagnostics.DiagnosticsReceiver"
263-->[androidx.work:work-runtime:2.7.0] AndroidManifest.xml:133:13-78
264            android:directBootAware="false"
264-->[androidx.work:work-runtime:2.7.0] AndroidManifest.xml:134:13-44
265            android:enabled="true"
265-->[androidx.work:work-runtime:2.7.0] AndroidManifest.xml:135:13-35
266            android:exported="true"
266-->[androidx.work:work-runtime:2.7.0] AndroidManifest.xml:136:13-36
267            android:permission="android.permission.DUMP" >
267-->[androidx.work:work-runtime:2.7.0] AndroidManifest.xml:137:13-57
268            <intent-filter>
268-->[androidx.work:work-runtime:2.7.0] AndroidManifest.xml:139:13-141:29
269                <action android:name="androidx.work.diagnostics.REQUEST_DIAGNOSTICS" />
269-->[androidx.work:work-runtime:2.7.0] AndroidManifest.xml:140:17-88
269-->[androidx.work:work-runtime:2.7.0] AndroidManifest.xml:140:25-85
270            </intent-filter>
271        </receiver>
272        <receiver
272-->[androidx.profileinstaller:profileinstaller:1.3.0] AndroidManifest.xml:34:9-52:20
273            android:name="androidx.profileinstaller.ProfileInstallReceiver"
273-->[androidx.profileinstaller:profileinstaller:1.3.0] AndroidManifest.xml:35:13-76
274            android:directBootAware="false"
274-->[androidx.profileinstaller:profileinstaller:1.3.0] AndroidManifest.xml:36:13-44
275            android:enabled="true"
275-->[androidx.profileinstaller:profileinstaller:1.3.0] AndroidManifest.xml:37:13-35
276            android:exported="true"
276-->[androidx.profileinstaller:profileinstaller:1.3.0] AndroidManifest.xml:38:13-36
277            android:permission="android.permission.DUMP" >
277-->[androidx.profileinstaller:profileinstaller:1.3.0] AndroidManifest.xml:39:13-57
278            <intent-filter>
278-->[androidx.profileinstaller:profileinstaller:1.3.0] AndroidManifest.xml:40:13-42:29
279                <action android:name="androidx.profileinstaller.action.INSTALL_PROFILE" />
279-->[androidx.profileinstaller:profileinstaller:1.3.0] AndroidManifest.xml:41:17-91
279-->[androidx.profileinstaller:profileinstaller:1.3.0] AndroidManifest.xml:41:25-88